# JRE version: Java(TM) SE Runtime Environment (8.0_271-b09) (build 1.8.0_271-b09)
# Java VM: Java HotSpot(TM) 64-Bit Server VM (25.271-b09 mixed mode windows-amd64 compressed oops)
Heap:
 PSYoungGen      total 74240K, used 10028K [0x000000076d780000, 0x0000000774200000, 0x00000007c0000000)
  eden space 64000K, 4% used [0x000000076d780000,0x000000076da9cec8,0x0000000771600000)
  from space 10240K, 66% used [0x0000000771600000,0x0000000771cae150,0x0000000772000000)
  to   space 10240K, 0% used [0x0000000773800000,0x0000000773800000,0x0000000774200000)
 ParOldGen       total 110080K, used 8896K [0x00000006c8600000, 0x00000006cf180000, 0x000000076d780000)
  object space 110080K, 8% used [0x00000006c8600000,0x00000006c8eb0230,0x00000006cf180000)
 Metaspace       used 23697K, capacity 25188K, committed 25344K, reserved 1071104K
  class space    used 3295K, capacity 3769K, committed 3840K, reserved 1048576K
GC Heap History (10 events):
Event: 3.449 GC heap before
{Heap before GC invocations=2 (full 0):
 PSYoungGen      total 74240K, used 69120K [0x000000076d780000, 0x0000000772a00000, 0x00000007c0000000)
  eden space 64000K, 100% used [0x000000076d780000,0x0000000771600000,0x0000000771600000)
  from space 10240K, 50% used [0x0000000771600000,0x0000000771b002a8,0x0000000772000000)
  to   space 10240K, 0% used [0x0000000772000000,0x0000000772000000,0x0000000772a00000)
 ParOldGen       total 169472K, used 16K [0x00000006c8600000, 0x00000006d2b80000, 0x000000076d780000)
  object space 169472K, 0% used [0x00000006c8600000,0x00000006c8604000,0x00000006d2b80000)
 Metaspace       used 14272K, capacity 15186K, committed 15360K, reserved 1062912K
  class space    used 2061K, capacity 2271K, committed 2304K, reserved 1048576K
Event: 3.459 GC heap after
Heap after GC invocations=2 (full 0):
 PSYoungGen      total 74240K, used 5981K [0x000000076d780000, 0x0000000772a00000, 0x00000007c0000000)
  eden space 64000K, 0% used [0x000000076d780000,0x000000076d780000,0x0000000771600000)
  from space 10240K, 58% used [0x0000000772000000,0x00000007725d77f8,0x0000000772a00000)
  to   space 10240K, 0% used [0x0000000771600000,0x0000000771600000,0x0000000772000000)
 ParOldGen       total 169472K, used 24K [0x00000006c8600000, 0x00000006d2b80000, 0x000000076d780000)
  object space 169472K, 0% used [0x00000006c8600000,0x00000006c8606000,0x00000006d2b80000)
 Metaspace       used 14272K, capacity 15186K, committed 15360K, reserved 1062912K
  class space    used 2061K, capacity 2271K, committed 2304K, reserved 1048576K
}
Event: 4.948 GC heap before
{Heap before GC invocations=3 (full 0):
 PSYoungGen      total 74240K, used 69981K [0x000000076d780000, 0x0000000772a00000, 0x00000007c0000000)
  eden space 64000K, 100% used [0x000000076d780000,0x0000000771600000,0x0000000771600000)
  from space 10240K, 58% used [0x0000000772000000,0x00000007725d77f8,0x0000000772a00000)
  to   space 10240K, 0% used [0x0000000771600000,0x0000000771600000,0x0000000772000000)
 ParOldGen       total 169472K, used 24K [0x00000006c8600000, 0x00000006d2b80000, 0x000000076d780000)
  object space 169472K, 0% used [0x00000006c8600000,0x00000006c8606000,0x00000006d2b80000)
 Metaspace       used 19121K, capacity 20046K, committed 20224K, reserved 1067008K
  class space    used 2543K, capacity 2726K, committed 2816K, reserved 1048576K
Event: 4.967 GC heap after
Heap after GC invocations=3 (full 0):
 PSYoungGen      total 74240K, used 8675K [0x000000076d780000, 0x0000000772a00000, 0x00000007c0000000)
  eden space 64000K, 0% used [0x000000076d780000,0x000000076d780000,0x0000000771600000)
  from space 10240K, 84% used [0x0000000771600000,0x0000000771e78cd8,0x0000000772000000)
  to   space 10240K, 0% used [0x0000000772000000,0x0000000772000000,0x0000000772a00000)
 ParOldGen       total 169472K, used 32K [0x00000006c8600000, 0x00000006d2b80000, 0x000000076d780000)
  object space 169472K, 0% used [0x00000006c8600000,0x00000006c8608000,0x00000006d2b80000)
 Metaspace       used 19121K, capacity 20046K, committed 20224K, reserved 1067008K
  class space    used 2543K, capacity 2726K, committed 2816K, reserved 1048576K
}
Event: 5.637 GC heap before
{Heap before GC invocations=4 (full 0):
 PSYoungGen      total 74240K, used 31609K [0x000000076d780000, 0x0000000772a00000, 0x00000007c0000000)
  eden space 64000K, 35% used [0x000000076d780000,0x000000076ede59c0,0x0000000771600000)
  from space 10240K, 84% used [0x0000000771600000,0x0000000771e78cd8,0x0000000772000000)
  to   space 10240K, 0% used [0x0000000772000000,0x0000000772000000,0x0000000772a00000)
 ParOldGen       total 169472K, used 32K [0x00000006c8600000, 0x00000006d2b80000, 0x000000076d780000)
  object space 169472K, 0% used [0x00000006c8600000,0x00000006c8608000,0x00000006d2b80000)
 Metaspace       used 20057K, capacity 21168K, committed 21248K, reserved 1067008K
  class space    used 2710K, capacity 3003K, committed 3072K, reserved 1048576K
Event: 5.657 GC heap after
Heap after GC invocations=4 (full 0):
 PSYoungGen      total 74240K, used 8992K [0x000000076d780000, 0x0000000776880000, 0x00000007c0000000)
  eden space 64000K, 0% used [0x000000076d780000,0x000000076d780000,0x0000000771600000)
  from space 10240K, 87% used [0x0000000772000000,0x00000007728c8318,0x0000000772a00000)
  to   space 10240K, 0% used [0x0000000771600000,0x0000000771600000,0x0000000772000000)
 ParOldGen       total 169472K, used 40K [0x00000006c8600000, 0x00000006d2b80000, 0x000000076d780000)
  object space 169472K, 0% used [0x00000006c8600000,0x00000006c860a000,0x00000006d2b80000)
 Metaspace       used 20057K, capacity 21168K, committed 21248K, reserved 1067008K
  class space    used 2710K, capacity 3003K, committed 3072K, reserved 1048576K
}
Event: 5.657 GC heap before
{Heap before GC invocations=5 (full 1):
 PSYoungGen      total 74240K, used 8992K [0x000000076d780000, 0x0000000776880000, 0x00000007c0000000)
  eden space 64000K, 0% used [0x000000076d780000,0x000000076d780000,0x0000000771600000)
  from space 10240K, 87% used [0x0000000772000000,0x00000007728c8318,0x0000000772a00000)
  to   space 10240K, 0% used [0x0000000771600000,0x0000000771600000,0x0000000772000000)
 ParOldGen       total 169472K, used 40K [0x00000006c8600000, 0x00000006d2b80000, 0x000000076d780000)
  object space 169472K, 0% used [0x00000006c8600000,0x00000006c860a000,0x00000006d2b80000)
 Metaspace       used 20057K, capacity 21168K, committed 21248K, reserved 1067008K
  class space    used 2710K, capacity 3003K, committed 3072K, reserved 1048576K
Event: 5.755 GC heap after
Heap after GC invocations=5 (full 1):
 PSYoungGen      total 74240K, used 0K [0x000000076d780000, 0x0000000776880000, 0x00000007c0000000)
  eden space 64000K, 0% used [0x000000076d780000,0x000000076d780000,0x0000000771600000)
  from space 10240K, 0% used [0x0000000772000000,0x0000000772000000,0x0000000772a00000)
  to   space 10240K, 0% used [0x0000000771600000,0x0000000771600000,0x0000000772000000)
 ParOldGen       total 110080K, used 8888K [0x00000006c8600000, 0x00000006cf180000, 0x000000076d780000)
  object space 110080K, 8% used [0x00000006c8600000,0x00000006c8eae230,0x00000006cf180000)
 Metaspace       used 20057K, capacity 21168K, committed 21248K, reserved 1067008K
  class space    used 2710K, capacity 3003K, committed 3072K, reserved 1048576K
}
Event: 8.440 GC heap before
{Heap before GC invocations=6 (full 1):
 PSYoungGen      total 74240K, used 64000K [0x000000076d780000, 0x0000000776880000, 0x00000007c0000000)
  eden space 64000K, 100% used [0x000000076d780000,0x0000000771600000,0x0000000771600000)
  from space 10240K, 0% used [0x0000000772000000,0x0000000772000000,0x0000000772a00000)
  to   space 10240K, 0% used [0x0000000771600000,0x0000000771600000,0x0000000772000000)
 ParOldGen       total 110080K, used 8888K [0x00000006c8600000, 0x00000006cf180000, 0x000000076d780000)
  object space 110080K, 8% used [0x00000006c8600000,0x00000006c8eae230,0x00000006cf180000)
 Metaspace       used 23507K, capacity 25034K, committed 25344K, reserved 1071104K
  class space    used 3276K, capacity 3759K, committed 3840K, reserved 1048576K
Event: 8.449 GC heap after
Heap after GC invocations=6 (full 1):
 PSYoungGen      total 74240K, used 6840K [0x000000076d780000, 0x0000000774200000, 0x00000007c0000000)
  eden space 64000K, 0% used [0x000000076d780000,0x000000076d780000,0x0000000771600000)
  from space 10240K, 66% used [0x0000000771600000,0x0000000771cae150,0x0000000772000000)
  to   space 10240K, 0% used [0x0000000773800000,0x0000000773800000,0x0000000774200000)
 ParOldGen       total 110080K, used 8896K [0x00000006c8600000, 0x00000006cf180000, 0x000000076d780000)
  object space 110080K, 8% used [0x00000006c8600000,0x00000006c8eb0230,0x00000006cf180000)
 Metaspace       used 23507K, capacity 25034K, committed 25344K, reserved 1071104K
  class space    used 3276K, capacity 3759K, committed 3840K, reserved 1048576K
}

